Using pre-set license

 COMMAND LINE ARGUMENTS:
/Applications/Unity/Hub/Editor/2020.3.0f1/Unity.app/Contents/MacOS/Unity
-adb2
-batchMode
-noUpm
-name
AssetImportWorker2
-projectPath
/Users/lespinoza/Desarrollo/Unity/ISII/Prueba/AppAdventure
-logFile
Logs/AssetImportWorker2.log
-srvPort
50603
Successfully changed project path to: /Users/lespinoza/Desarrollo/Unity/ISII/Prueba/AppAdventure
/Users/lespinoza/Desarrollo/Unity/ISII/Prueba/AppAdventure
Using Asset Import Pipeline V2.
Refreshing native plugins compatible for Editor in 146.90 ms, found 2 plugins.
Preloading 0 native plugins for Editor in 0.00 ms.
Initialize engine version: 2020.3.0f1 (c7b5465681fb)
[Subsystems] Discovering subsystems at path /Applications/Unity/Hub/Editor/2020.3.0f1/Unity.app/Contents/Resources/UnitySubsystems
[Subsystems] Discovering subsystems at path /Users/lespinoza/Desarrollo/Unity/ISII/Prueba/AppAdventure/Assets
GfxDevice: creating device client; threaded=0
2021-09-01 09:39:41.144 Unity[62812:509369] iMac preferred device: AMD Radeon Pro 555 (high power)
2021-09-01 09:39:41.144 Unity[62812:509369] Metal devices available: 1
2021-09-01 09:39:41.145 Unity[62812:509369] 0: AMD Radeon Pro 555 (high power)
2021-09-01 09:39:41.145 Unity[62812:509369] Using device AMD Radeon Pro 555 (high power)
Initializing Metal device caps: AMD Radeon Pro 555
Initialize mono
Mono path[0] = '/Applications/Unity/Hub/Editor/2020.3.0f1/Unity.app/Contents/Managed'
Mono path[1] = '/Applications/Unity/Hub/Editor/2020.3.0f1/Unity.app/Contents/MonoBleedingEdge/lib/mono/unityjit'
Mono config path = '/Applications/Unity/Hub/Editor/2020.3.0f1/Unity.app/Contents/MonoBleedingEdge/etc'
Using monoOptions --debugger-agent=transport=dt_socket,embedding=1,server=y,suspend=n,address=127.0.0.1:56812
Begin MonoManager ReloadAssembly
