Using pre-set license

 COMMAND LINE ARGUMENTS:
/Applications/Unity/Hub/Editor/2020.3.0f1/Unity.app/Contents/MacOS/Unity
-adb2
-batchMode
-noUpm
-name
AssetImportWorker0
-projectPath
/Users/lespinoza/Desarrollo/Unity/ISII/Prueba/AppAdventure
-logFile
Logs/AssetImportWorker0.log
-srvPort
50376
Successfully changed project path to: /Users/lespinoza/Desarrollo/Unity/ISII/Prueba/AppAdventure
/Users/lespinoza/Desarrollo/Unity/ISII/Prueba/AppAdventure
Using Asset Import Pipeline V2.
Refreshing native plugins compatible for Editor in 103.26 ms, found 2 plugins.
Preloading 0 native plugins for Editor in 0.00 ms.
Initialize engine version: 2020.3.0f1 (c7b5465681fb)
[Subsystems] Discovering subsystems at path /Applications/Unity/Hub/Editor/2020.3.0f1/Unity.app/Contents/Resources/UnitySubsystems
[Subsystems] Discovering subsystems at path /Users/lespinoza/Desarrollo/Unity/ISII/Prueba/AppAdventure/Assets
GfxDevice: creating device client; threaded=0
2021-08-25 09:18:46.294 Unity[93580:583048] iMac preferred device: AMD Radeon Pro 555 (high power)
2021-08-25 09:18:46.294 Unity[93580:583048] Metal devices available: 1
2021-08-25 09:18:46.294 Unity[93580:583048] 0: AMD Radeon Pro 555 (high power)
2021-08-25 09:18:46.439 Unity[93580:583048] Using device AMD Radeon Pro 555 (high power)
Initializing Metal device caps: AMD Radeon Pro 555
Initialize mono
Mono path[0] = '/Applications/Unity/Hub/Editor/2020.3.0f1/Unity.app/Contents/Managed'
Mono path[1] = '/Applications/Unity/Hub/Editor/2020.3.0f1/Unity.app/Contents/MonoBleedingEdge/lib/mono/unityjit'
Mono config path = '/Applications/Unity/Hub/Editor/2020.3.0f1/Unity.app/Contents/MonoBleedingEdge/etc'
Using monoOptions --debugger-agent=transport=dt_socket,embedding=1,server=y,suspend=n,address=127.0.0.1:56580
Begin MonoManager ReloadAssembly
Error scanning for extension ivy.xml files: System.UnauthorizedAccessException: Access to the path '/Applications/Unity/Hub/Editor/2020.3.0f1/PlaybackEngines/WebGLSupport/BuildTools/Emscripten_Mac/node' is denied.
  at System.IO.__Error.WinIOError (System.Int32 errorCode, System.String maybeFullPath) [0x00129] in <eae584ce26bc40229c1b1aa476bfa589>:0 
  at System.IO.FileSystemEnumerableIterator`1[TSource].HandleError (System.Int32 hr, System.String path) [0x00006] in <eae584ce26bc40229c1b1aa476bfa589>:0 
  at System.IO.FileSystemEnumerableIterator`1[TSource].AddSearchableDirsToStack (System.IO.Directory+SearchData localSearchData) [0x00053] in <eae584ce26bc40229c1b1aa476bfa589>:0 
  at System.IO.FileSystemEnumerableIterator`1[TSource].MoveNext () [0x0008e] in <eae584ce26bc40229c1b1aa476bfa589>:0 
  at System.Collections.Generic.List`1[T]..ctor (System.Collections.Generic.IEnumerable`1[T] collection) [0x00077] in <eae584ce26bc40229c1b1aa476bfa589>:0 
  at System.IO.Directory.InternalGetFileDirectoryNames (System.String path, System.String userPathOriginal, System.String searchPattern, System.Boolean includeFiles, System.Boolean includeDirs, System.IO.SearchOption searchOption, System.Boolean checkHost) [0x0000f] in <eae584ce26bc40229c1b1aa476bfa589>:0 
  at System.IO.Directory.InternalGetFiles (System.String path, System.String searchPattern, System.IO.SearchOption searchOption) [0x00000] in <eae584ce26bc40229c1b1aa476bfa589>:0 
  at System.IO.Directory.GetFiles (System.String path, System.String searchPattern, System.IO.SearchOption searchOption) [0x00038] in <eae584ce26bc40229c1b1aa476bfa589>:0 
  at UnityEditor.Modules.ModuleManager.LoadLegacyExtensionsFromIvyFiles () [0x000a5] in /Users/bokken/buildslave/unity/build/Editor/Mono/Modules/ModuleManager.cs:253 
Registering precompiled unity dll's ...
Register platform support module: /Applications/Unity/Hub/Editor/2020.3.0f1/PlaybackEngines/WebGLSupport/UnityEditor.WebGL.Extensions.dll
Register platform support module: /Applications/Unity/Hub/Editor/2020.3.0f1/Unity.app/Contents/PlaybackEngines/MacStandaloneSupport/UnityEditor.OSXStandalone.Extensions.dll
Register platform support module: /Applications/Unity/Hub/Editor/2020.3.0f1/PlaybackEngines/WindowsStandaloneSupport/UnityEditor.WindowsStandalone.Extensions.dll
Registered in 0.004291 seconds.
Native extension for WindowsStandalone target not found
Native extension for OSXStandalone target not found
Native extension for WebGL target not found
Refreshing native plugins compatible for Editor in 43.55 ms, found 2 plugins.
Preloading 0 native plugins for Editor in 0.00 ms.
Invoked RoslynAnalysisRunner static constructor.
RoslynAnalysisRunner will not be running.
RoslynAnalysisRunner has terminated.
Mono: successfully reloaded assembly
- Completed reload, in  3.710 seconds
Platform modules already initialized, skipping
Registering precompiled user dll's ...
Registered in 0.001649 seconds.
Begin MonoManager ReloadAssembly
Native extension for WindowsStandalone target not found
Native extension for OSXStandalone target not found
Native extension for WebGL target not found
Refreshing native plugins compatible for Editor in 44.55 ms, found 2 plugins.
Preloading 0 native plugins for Editor in 0.00 ms.
Invoked RoslynAnalysisRunner static constructor.
RoslynAnalysisRunner will not be running.
RoslynAnalysisRunner has terminated.
Mono: successfully reloaded assembly
- Completed reload, in  1.419 seconds
Platform modules already initialized, skipping
========================================================================
Worker process is ready to serve import requests
Launching external process: /Applications/Unity/Hub/Editor/2020.3.0f1/Unity.app/Contents/Tools/UnityShaderCompiler
Launched and connected shader compiler UnityShaderCompiler after 0.02 seconds
Refreshing native plugins compatible for Editor in 0.46 ms, found 2 plugins.
Preloading 0 native plugins for Editor in 0.00 ms.
Unloading 1907 Unused Serialized files (Serialized files now loaded: 0)
System memory in use before: 149.4 MB.
System memory in use after: 149.5 MB.

Unloading 32 unused Assets to reduce memory usage. Loaded Objects now: 2341.
Total: 3.065765 ms (FindLiveObjects: 0.237156 ms CreateObjectMapping: 0.096947 ms MarkObjects: 2.658565 ms  DeleteObjects: 0.071996 ms)

========================================================================
Received Import Request.
  path: Assets/Scenes
  artifactKey: Guid(bbbc74fad6ed1d243aee6102298f428b) Importer(815301076,1909f56bfc062723c751e8b465ee728b)
Start importing Assets/Scenes using Guid(bbbc74fad6ed1d243aee6102298f428b) Importer(815301076,1909f56bfc062723c751e8b465ee728b)  -> (artifact id: '54c036aa0cb03a59839fa3f0aeb644bc') in 0.013673 seconds
  Import took 0.018455 seconds .

========================================================================
Received Import Request.
  Time since last request: 31.723821 seconds.
  path: Assets/Scenes/Inicio.unity
  artifactKey: Guid(5a28be4dbd016475fb88ceaa19ef2c30) Importer(815301076,1909f56bfc062723c751e8b465ee728b)
Start importing Assets/Scenes/Inicio.unity using Guid(5a28be4dbd016475fb88ceaa19ef2c30) Importer(815301076,1909f56bfc062723c751e8b465ee728b)  -> (artifact id: '378935aa7d43b11a1bcb1098708942d9') in 0.015221 seconds
  Import took 0.021378 seconds .

========================================================================
Received Import Request.
  Time since last request: 2.828385 seconds.
  path: Assets/Scenes/SampleScene.unity
  artifactKey: Guid(2cda990e2423bbf4892e6590ba056729) Importer(815301076,1909f56bfc062723c751e8b465ee728b)
Start importing Assets/Scenes/SampleScene.unity using Guid(2cda990e2423bbf4892e6590ba056729) Importer(815301076,1909f56bfc062723c751e8b465ee728b)  -> (artifact id: '372f6cc2088eab28b95da509c629dcaa') in 0.001578 seconds
  Import took 0.005600 seconds .

========================================================================
Received Import Request.
  Time since last request: 18.973203 seconds.
  path: Assets/Scenes/Menu.unity
  artifactKey: Guid(2cda990e2423bbf4892e6590ba056729) Importer(815301076,1909f56bfc062723c751e8b465ee728b)
Start importing Assets/Scenes/Menu.unity using Guid(2cda990e2423bbf4892e6590ba056729) Importer(815301076,1909f56bfc062723c751e8b465ee728b)  -> (artifact id: '7c5be731b6eb65dae3c832b473af71c8') in 0.003054 seconds
  Import took 0.009239 seconds .

========================================================================
Received Import Request.
  Time since last request: 86.512544 seconds.
  path: Assets/Tilemaps/Tiles.prefab
  artifactKey: Guid(aef286928786a44e4828510e20eee038) Importer(815301076,1909f56bfc062723c751e8b465ee728b)
Start importing Assets/Tilemaps/Tiles.prefab using Guid(aef286928786a44e4828510e20eee038) Importer(815301076,1909f56bfc062723c751e8b465ee728b)  -> (artifact id: 'f0b01a9e1dca2acda9f7955e7f358899') in 1.561049 seconds
  Import took 1.567140 seconds .

========================================================================
Received Import Request.
  Time since last request: 0.000320 seconds.
  path: Assets/Tilemaps/Tiles_3.asset
  artifactKey: Guid(d9ba258f04917460587f70d3367d0ffd) Importer(815301076,1909f56bfc062723c751e8b465ee728b)
Start importing Assets/Tilemaps/Tiles_3.asset using Guid(d9ba258f04917460587f70d3367d0ffd) Importer(815301076,1909f56bfc062723c751e8b465ee728b)  -> (artifact id: 'cc50816d3df4de0559cb2c785048599f') in 0.650182 seconds
  Import took 0.654307 seconds .

========================================================================
Received Import Request.
  Time since last request: 0.000303 seconds.
  path: Assets/Tilemaps/Tiles_9.asset
  artifactKey: Guid(3d7d6556b67784378936d7eae45534ea) Importer(815301076,1909f56bfc062723c751e8b465ee728b)
Start importing Assets/Tilemaps/Tiles_9.asset using Guid(3d7d6556b67784378936d7eae45534ea) Importer(815301076,1909f56bfc062723c751e8b465ee728b)  -> (artifact id: '4dbe20049cf08fd0d50e705181a6245c') in 0.009074 seconds
  Import took 0.014138 seconds .

========================================================================
Received Import Request.
  Time since last request: 0.000264 seconds.
  path: Assets/Tilemaps/Tiles_16.asset
  artifactKey: Guid(c5794435ecc3a4462bddfd26b40d4b22) Importer(815301076,1909f56bfc062723c751e8b465ee728b)
Start importing Assets/Tilemaps/Tiles_16.asset using Guid(c5794435ecc3a4462bddfd26b40d4b22) Importer(815301076,1909f56bfc062723c751e8b465ee728b)  -> (artifact id: '144492e9ca50f1d1b8ebb316455e8eb3') in 0.013699 seconds
  Import took 0.019327 seconds .

========================================================================
Received Import Request.
  Time since last request: 0.000377 seconds.
  path: Assets/Tilemaps/Tiles_27.asset
  artifactKey: Guid(96fd5ccdc6acb46719413dd8c659996a) Importer(815301076,1909f56bfc062723c751e8b465ee728b)
Start importing Assets/Tilemaps/Tiles_27.asset using Guid(96fd5ccdc6acb46719413dd8c659996a) Importer(815301076,1909f56bfc062723c751e8b465ee728b)  -> (artifact id: '3aaf1b222984c3b0a8b4d11f5ef28560') in 0.008215 seconds
  Import took 0.013913 seconds .

========================================================================
Received Import Request.
  Time since last request: 0.000304 seconds.
  path: Assets/Tilemaps/Tiles_1.asset
  artifactKey: Guid(7845c617f9c954ee690ef820ebeed82c) Importer(815301076,1909f56bfc062723c751e8b465ee728b)
Start importing Assets/Tilemaps/Tiles_1.asset using Guid(7845c617f9c954ee690ef820ebeed82c) Importer(815301076,1909f56bfc062723c751e8b465ee728b)  -> (artifact id: '2edf96442348fecff111b3eb582e0101') in 0.013566 seconds
  Import took 0.018381 seconds .

========================================================================
Received Import Request.
  Time since last request: 0.000229 seconds.
  path: Assets/Tilemaps/Tiles_19.asset
  artifactKey: Guid(09f133feb7e0e46219fcbb063aed8535) Importer(815301076,1909f56bfc062723c751e8b465ee728b)
Start importing Assets/Tilemaps/Tiles_19.asset using Guid(09f133feb7e0e46219fcbb063aed8535) Importer(815301076,1909f56bfc062723c751e8b465ee728b)  -> (artifact id: '9efc565beea3fea88b543a27a2ccc4d3') in 0.007900 seconds
  Import took 0.012421 seconds .

========================================================================
Received Import Request.
  Time since last request: 0.000248 seconds.
  path: Assets/Tilemaps/Tiles_6.asset
  artifactKey: Guid(ebccb2ba646594128875b9702601a034) Importer(815301076,1909f56bfc062723c751e8b465ee728b)
Start importing Assets/Tilemaps/Tiles_6.asset using Guid(ebccb2ba646594128875b9702601a034) Importer(815301076,1909f56bfc062723c751e8b465ee728b)  -> (artifact id: '72c84a62b86cbf2dad5b0ca305698e10') in 0.013535 seconds
  Import took 0.018403 seconds .

========================================================================
Received Import Request.
  Time since last request: 0.000290 seconds.
  path: Assets/Tilemaps/Tiles_15.asset
  artifactKey: Guid(2e92e7814594e4861abaea6af83ef8a8) Importer(815301076,1909f56bfc062723c751e8b465ee728b)
Start importing Assets/Tilemaps/Tiles_15.asset using Guid(2e92e7814594e4861abaea6af83ef8a8) Importer(815301076,1909f56bfc062723c751e8b465ee728b)  -> (artifact id: '9455441412d7b6d83516939a06a3094f') in 0.007927 seconds
  Import took 0.013347 seconds .

========================================================================
Received Import Request.
  Time since last request: 0.000453 seconds.
  path: Assets/Tilemaps/Tiles_11.asset
  artifactKey: Guid(b68a935c9ad264f8c8173e251ecf3b1d) Importer(815301076,1909f56bfc062723c751e8b465ee728b)
Start importing Assets/Tilemaps/Tiles_11.asset using Guid(b68a935c9ad264f8c8173e251ecf3b1d) Importer(815301076,1909f56bfc062723c751e8b465ee728b)  -> (artifact id: '947616a1f7220167a2af72619a98b444') in 0.010618 seconds
  Import took 0.015832 seconds .

========================================================================
Received Import Request.
  Time since last request: 0.000241 seconds.
  path: Assets/Tilemaps/Tiles_22.asset
  artifactKey: Guid(4dc64847d44614606b190290ecaf4ff7) Importer(815301076,1909f56bfc062723c751e8b465ee728b)
Start importing Assets/Tilemaps/Tiles_22.asset using Guid(4dc64847d44614606b190290ecaf4ff7) Importer(815301076,1909f56bfc062723c751e8b465ee728b)  -> (artifact id: 'b7773b7305e325a96d4e2726861e97c5') in 0.006513 seconds
  Import took 0.011436 seconds .

========================================================================
Received Import Request.
  Time since last request: 0.000237 seconds.
  path: Assets/Tilemaps/Tiles_30.asset
  artifactKey: Guid(e942432bf87224b45a07e7537ac4fa36) Importer(815301076,1909f56bfc062723c751e8b465ee728b)
Start importing Assets/Tilemaps/Tiles_30.asset using Guid(e942432bf87224b45a07e7537ac4fa36) Importer(815301076,1909f56bfc062723c751e8b465ee728b)  -> (artifact id: '66a28bd7911083d838a3bf11f8aad534') in 0.013113 seconds
  Import took 0.018075 seconds .

========================================================================
Received Import Request.
  Time since last request: 0.000333 seconds.
  path: Assets/Tilemaps/Tiles_7.asset
  artifactKey: Guid(a95674bdd0fa74f98bb0d272daa9a30a) Importer(815301076,1909f56bfc062723c751e8b465ee728b)
Start importing Assets/Tilemaps/Tiles_7.asset using Guid(a95674bdd0fa74f98bb0d272daa9a30a) Importer(815301076,1909f56bfc062723c751e8b465ee728b)  -> (artifact id: 'c25e2ee0ced17d5578a98b7b878cdce1') in 0.021175 seconds
  Import took 0.027869 seconds .

========================================================================
Received Import Request.
  Time since last request: 0.000614 seconds.
  path: Assets/Tilemaps/Tiles_17.asset
  artifactKey: Guid(4d5863cb397db4daaa86e5dcc82bdab1) Importer(815301076,1909f56bfc062723c751e8b465ee728b)
Start importing Assets/Tilemaps/Tiles_17.asset using Guid(4d5863cb397db4daaa86e5dcc82bdab1) Importer(815301076,1909f56bfc062723c751e8b465ee728b)  -> (artifact id: '87b88cfe76f97638c9f818f13fc0e60a') in 0.007427 seconds
  Import took 0.012420 seconds .

========================================================================
Received Import Request.
  Time since last request: 0.000378 seconds.
  path: Assets/Tilemaps/Tiles_25.asset
  artifactKey: Guid(63c8b74a615f44d068aed1f06ab3f640) Importer(815301076,1909f56bfc062723c751e8b465ee728b)
Start importing Assets/Tilemaps/Tiles_25.asset using Guid(63c8b74a615f44d068aed1f06ab3f640) Importer(815301076,1909f56bfc062723c751e8b465ee728b)  -> (artifact id: 'b82090e809850e06a7c869e39a58267c') in 0.016288 seconds
  Import took 0.021471 seconds .

========================================================================
Received Import Request.
  Time since last request: 0.000275 seconds.
  path: Assets/Tilemaps/Tiles_10.asset
  artifactKey: Guid(73439d0bf01df43b884b4ab0edc7ae4a) Importer(815301076,1909f56bfc062723c751e8b465ee728b)
Start importing Assets/Tilemaps/Tiles_10.asset using Guid(73439d0bf01df43b884b4ab0edc7ae4a) Importer(815301076,1909f56bfc062723c751e8b465ee728b)  -> (artifact id: '1e87814b8cbb2c77f65e992c2145c4b3') in 0.014419 seconds
  Import took 0.019317 seconds .

========================================================================
Received Import Request.
  Time since last request: 0.000469 seconds.
  path: Assets/Tilemaps/Tiles_20.asset
  artifactKey: Guid(0abf0cda0f13641a1bb8a331965e9847) Importer(815301076,1909f56bfc062723c751e8b465ee728b)
Start importing Assets/Tilemaps/Tiles_20.asset using Guid(0abf0cda0f13641a1bb8a331965e9847) Importer(815301076,1909f56bfc062723c751e8b465ee728b)  -> (artifact id: '37447a41374a8203b35d200389b75500') in 0.011012 seconds
  Import took 0.015102 seconds .

========================================================================
Received Import Request.
  Time since last request: 0.000337 seconds.
  path: Assets/Tilemaps/Tiles_28.asset
  artifactKey: Guid(a694d7f071ef24d7da13210dc3153195) Importer(815301076,1909f56bfc062723c751e8b465ee728b)
Start importing Assets/Tilemaps/Tiles_28.asset using Guid(a694d7f071ef24d7da13210dc3153195) Importer(815301076,1909f56bfc062723c751e8b465ee728b)  -> (artifact id: '90c6e4d462fb983f3d0732c595559306') in 0.014141 seconds
  Import took 0.020407 seconds .

========================================================================
Received Import Request.
  Time since last request: 0.000564 seconds.
  path: Assets/Tilemaps/Tiles_29.asset
  artifactKey: Guid(739cc6548e7ac46bb9994e199a242107) Importer(815301076,1909f56bfc062723c751e8b465ee728b)
Start importing Assets/Tilemaps/Tiles_29.asset using Guid(739cc6548e7ac46bb9994e199a242107) Importer(815301076,1909f56bfc062723c751e8b465ee728b)  -> (artifact id: 'b7cb5f91294c93a060dcc976dd5d84cf') in 0.011849 seconds
  Import took 0.017234 seconds .

========================================================================
Received Import Request.
  Time since last request: 0.000362 seconds.
  path: Assets/Tilemaps/Tiles_4.asset
  artifactKey: Guid(89c2ef5a238a04ce69573e4e7bb031c7) Importer(815301076,1909f56bfc062723c751e8b465ee728b)
Start importing Assets/Tilemaps/Tiles_4.asset using Guid(89c2ef5a238a04ce69573e4e7bb031c7) Importer(815301076,1909f56bfc062723c751e8b465ee728b)  -> (artifact id: '3e73a338da776e1529f628dae07ce962') in 0.007645 seconds
  Import took 0.011785 seconds .

========================================================================
Received Import Request.
  Time since last request: 0.000448 seconds.
  path: Assets/Tilemaps/Tiles_12.asset
  artifactKey: Guid(adfc5fc8d90354d1eb132c230cce475c) Importer(815301076,1909f56bfc062723c751e8b465ee728b)
Start importing Assets/Tilemaps/Tiles_12.asset using Guid(adfc5fc8d90354d1eb132c230cce475c) Importer(815301076,1909f56bfc062723c751e8b465ee728b)  -> (artifact id: '05026e27cf2315e3356af996363dff61') in 0.013870 seconds
  Import took 0.019226 seconds .

========================================================================
Received Import Request.
  Time since last request: 0.000251 seconds.
  path: Assets/Tilemaps/Tiles_21.asset
  artifactKey: Guid(20f87b6b6bc1e4ddcb644bcf3e100476) Importer(815301076,1909f56bfc062723c751e8b465ee728b)
Start importing Assets/Tilemaps/Tiles_21.asset using Guid(20f87b6b6bc1e4ddcb644bcf3e100476) Importer(815301076,1909f56bfc062723c751e8b465ee728b)  -> (artifact id: '61eef0ddadb8fe3b8c03a3e5dfdeb3b0') in 0.008793 seconds
  Import took 0.013198 seconds .

========================================================================
Received Import Request.
  Time since last request: 0.000409 seconds.
  path: Assets/Tilemaps/Tiles_24.asset
  artifactKey: Guid(50b2919cc95244e3dbc10480fc00f347) Importer(815301076,1909f56bfc062723c751e8b465ee728b)
Start importing Assets/Tilemaps/Tiles_24.asset using Guid(50b2919cc95244e3dbc10480fc00f347) Importer(815301076,1909f56bfc062723c751e8b465ee728b)  -> (artifact id: '3b075a4ae09e4dbc5d6615b1750c6997') in 0.009653 seconds
  Import took 0.014322 seconds .

========================================================================
Received Import Request.
  Time since last request: 0.000209 seconds.
  path: Assets/Tilemaps/Tiles_26.asset
  artifactKey: Guid(45dbe9e66cc93452fa15fb26ba3202c6) Importer(815301076,1909f56bfc062723c751e8b465ee728b)
Start importing Assets/Tilemaps/Tiles_26.asset using Guid(45dbe9e66cc93452fa15fb26ba3202c6) Importer(815301076,1909f56bfc062723c751e8b465ee728b)  -> (artifact id: 'e7985c34f2f3c599710d8e7185f969c3') in 0.013237 seconds
  Import took 0.018527 seconds .

========================================================================
Received Import Request.
  Time since last request: 0.000465 seconds.
  path: Assets/Tilemaps/Tiles_31.asset
  artifactKey: Guid(12e0d8ff202344f8589306e12037953c) Importer(815301076,1909f56bfc062723c751e8b465ee728b)
Start importing Assets/Tilemaps/Tiles_31.asset using Guid(12e0d8ff202344f8589306e12037953c) Importer(815301076,1909f56bfc062723c751e8b465ee728b)  -> (artifact id: '7b85db249449005bd7d0f85ef2cd4e8b') in 0.012053 seconds
  Import took 0.017050 seconds .

========================================================================
Received Import Request.
  Time since last request: 0.000300 seconds.
  path: Assets/Tilemaps/Tiles_0.asset
  artifactKey: Guid(d50c927a28297471dbc74a57da49d2ef) Importer(815301076,1909f56bfc062723c751e8b465ee728b)
Start importing Assets/Tilemaps/Tiles_0.asset using Guid(d50c927a28297471dbc74a57da49d2ef) Importer(815301076,1909f56bfc062723c751e8b465ee728b)  -> (artifact id: '7b359fa6c4d2b25106c7d58eb23258e1') in 0.007312 seconds
  Import took 0.012462 seconds .

========================================================================
Received Import Request.
  Time since last request: 0.000318 seconds.
  path: Assets/Tilemaps/Tiles_23.asset
  artifactKey: Guid(444855b06a6a1402e8fa957df8a02bd7) Importer(815301076,1909f56bfc062723c751e8b465ee728b)
Start importing Assets/Tilemaps/Tiles_23.asset using Guid(444855b06a6a1402e8fa957df8a02bd7) Importer(815301076,1909f56bfc062723c751e8b465ee728b)  -> (artifact id: 'bc9411ffb300fc648db92bbfded42d93') in 0.014058 seconds
  Import took 0.018071 seconds .

========================================================================
Received Import Request.
  Time since last request: 0.000330 seconds.
  path: Assets/Tilemaps/Tiles_5.asset
  artifactKey: Guid(600d7b67b8a714e6e927056316b87d29) Importer(815301076,1909f56bfc062723c751e8b465ee728b)
Start importing Assets/Tilemaps/Tiles_5.asset using Guid(600d7b67b8a714e6e927056316b87d29) Importer(815301076,1909f56bfc062723c751e8b465ee728b)  -> (artifact id: 'd1589c103dc9cf2942941c858ba8d3cd') in 0.012572 seconds
  Import took 0.016515 seconds .

========================================================================
Received Import Request.
  Time since last request: 0.000393 seconds.
  path: Assets/Tilemaps/Tiles_8.asset
  artifactKey: Guid(83cd6cbce2db7422c824fd6847963a02) Importer(815301076,1909f56bfc062723c751e8b465ee728b)
Start importing Assets/Tilemaps/Tiles_8.asset using Guid(83cd6cbce2db7422c824fd6847963a02) Importer(815301076,1909f56bfc062723c751e8b465ee728b)  -> (artifact id: '87c2f8576b37301b8d081f88bf2d81d6') in 0.009487 seconds
  Import took 0.013773 seconds .

========================================================================
Received Import Request.
  Time since last request: 0.000406 seconds.
  path: Assets/Tilemaps/Tiles_2.asset
  artifactKey: Guid(07aa30141e9ee47c29a8dd4ce03a9cbc) Importer(815301076,1909f56bfc062723c751e8b465ee728b)
Start importing Assets/Tilemaps/Tiles_2.asset using Guid(07aa30141e9ee47c29a8dd4ce03a9cbc) Importer(815301076,1909f56bfc062723c751e8b465ee728b)  -> (artifact id: 'a88579dcdbd590e95df4e12781493677') in 0.011881 seconds
  Import took 0.016561 seconds .

========================================================================
Received Import Request.
  Time since last request: 0.000228 seconds.
  path: Assets/Tilemaps/Tiles_13.asset
  artifactKey: Guid(4c732afcbd6ef4e4b94ff895a5fa89d8) Importer(815301076,1909f56bfc062723c751e8b465ee728b)
Start importing Assets/Tilemaps/Tiles_13.asset using Guid(4c732afcbd6ef4e4b94ff895a5fa89d8) Importer(815301076,1909f56bfc062723c751e8b465ee728b)  -> (artifact id: 'a91e2a55aebf4646cdda7c9d431a6c08') in 0.007179 seconds
  Import took 0.011073 seconds .

========================================================================
Received Import Request.
  Time since last request: 0.000342 seconds.
  path: Assets/Tilemaps/Tiles_14.asset
  artifactKey: Guid(e2f55c855f0b8455cb11d517f082e9a4) Importer(815301076,1909f56bfc062723c751e8b465ee728b)
Start importing Assets/Tilemaps/Tiles_14.asset using Guid(e2f55c855f0b8455cb11d517f082e9a4) Importer(815301076,1909f56bfc062723c751e8b465ee728b)  -> (artifact id: 'e274e424cbeef1024cc7414cbf4473ba') in 0.011296 seconds
  Import took 0.015832 seconds .

========================================================================
Received Import Request.
  Time since last request: 0.000361 seconds.
  path: Assets/Tilemaps/Tiles_18.asset
  artifactKey: Guid(1f3375d4f114944fe9eae605404dae66) Importer(815301076,1909f56bfc062723c751e8b465ee728b)
Start importing Assets/Tilemaps/Tiles_18.asset using Guid(1f3375d4f114944fe9eae605404dae66) Importer(815301076,1909f56bfc062723c751e8b465ee728b)  -> (artifact id: 'dbd9b7de805d6807eedeec4cf69edee7') in 0.005226 seconds
  Import took 0.010576 seconds .

========================================================================
Received Import Request.
  Time since last request: 36.814814 seconds.
  path: Assets/Sprites/User Interface.png
  artifactKey: Guid(38b13e31186514bc9b1dd5df713f595b) Importer(815301076,1909f56bfc062723c751e8b465ee728b)
Start importing Assets/Sprites/User Interface.png using Guid(38b13e31186514bc9b1dd5df713f595b) Importer(815301076,1909f56bfc062723c751e8b465ee728b)  -> (artifact id: '41abc655a392088782c9a916c8596bd7') in 1.646919 seconds
  Import took 1.650706 seconds .

========================================================================
Received Import Request.
  Time since last request: 10.111234 seconds.
  path: Assets/Sprites/User Interface.png
  artifactKey: Guid(38b13e31186514bc9b1dd5df713f595b) Importer(815301076,1909f56bfc062723c751e8b465ee728b)
Start importing Assets/Sprites/User Interface.png using Guid(38b13e31186514bc9b1dd5df713f595b) Importer(815301076,1909f56bfc062723c751e8b465ee728b)  -> (artifact id: '46a5c099d3534739ba8dc501a2eb0464') in 0.111088 seconds
  Import took 0.115962 seconds .

========================================================================
Received Import Request.
  Time since last request: 116.604594 seconds.
  path: Assets/Sprites/User Interface.png
  artifactKey: Guid(38b13e31186514bc9b1dd5df713f595b) Importer(815301076,1909f56bfc062723c751e8b465ee728b)
Start importing Assets/Sprites/User Interface.png using Guid(38b13e31186514bc9b1dd5df713f595b) Importer(815301076,1909f56bfc062723c751e8b465ee728b)  -> (artifact id: '0e228fcd04202199118fc71da15ed554') in 0.074394 seconds
  Import took 0.079068 seconds .

========================================================================
Received Import Request.
  Time since last request: 7.864422 seconds.
  path: Assets/Sprites/User Interface.png
  artifactKey: Guid(38b13e31186514bc9b1dd5df713f595b) Importer(815301076,1909f56bfc062723c751e8b465ee728b)
Start importing Assets/Sprites/User Interface.png using Guid(38b13e31186514bc9b1dd5df713f595b) Importer(815301076,1909f56bfc062723c751e8b465ee728b)  -> (artifact id: 'b0271a62fa4353b8514c7054cf71c64d') in 0.079153 seconds
  Import took 0.085500 seconds .

========================================================================
Received Prepare
Registering precompiled user dll's ...
Registered in 0.004393 seconds.
Begin MonoManager ReloadAssembly
Native extension for WindowsStandalone target not found
Native extension for OSXStandalone target not found
Native extension for WebGL target not found
Refreshing native plugins compatible for Editor in 0.48 ms, found 2 plugins.
Preloading 0 native plugins for Editor in 0.00 ms.
Invoked RoslynAnalysisRunner static constructor.
RoslynAnalysisRunner will not be running.
RoslynAnalysisRunner has terminated.
Mono: successfully reloaded assembly
- Completed reload, in  1.272 seconds
Platform modules already initialized, skipping
Switching build target platform(2) subTarget(0) extendedPlatform(0) -> platform(13) subTarget(537395200) extendedPlatform(0)
Refreshing native plugins compatible for Editor in 0.47 ms, found 2 plugins.
Preloading 0 native plugins for Editor in 0.00 ms.
Unloading 1900 Unused Serialized files (Serialized files now loaded: 0)
System memory in use before: 166.1 MB.
System memory in use after: 166.2 MB.

Unloading 20 unused Assets to reduce memory usage. Loaded Objects now: 2359.
Total: 2.399235 ms (FindLiveObjects: 0.296814 ms CreateObjectMapping: 0.071801 ms MarkObjects: 2.009781 ms  DeleteObjects: 0.019754 ms)

AssetImportParameters requested are different than current active one (requested -> active):
  custom:graphics/normal-map-encoding: 01000000000000000000000000000000 -> 02000000000000000000000000000000
========================================================================
Received Prepare
Registering precompiled user dll's ...
Registered in 0.001990 seconds.
Begin MonoManager ReloadAssembly
Native extension for WindowsStandalone target not found
Native extension for OSXStandalone target not found
Native extension for WebGL target not found
Refreshing native plugins compatible for Editor in 0.47 ms, found 2 plugins.
Preloading 0 native plugins for Editor in 0.00 ms.
Invoked RoslynAnalysisRunner static constructor.
RoslynAnalysisRunner will not be running.
RoslynAnalysisRunner has terminated.
Mono: successfully reloaded assembly
- Completed reload, in  1.232 seconds
Platform modules already initialized, skipping
Switching build target platform(2) subTarget(0) extendedPlatform(0) -> platform(13) subTarget(537395200) extendedPlatform(0)
Refreshing native plugins compatible for Editor in 0.46 ms, found 2 plugins.
Preloading 0 native plugins for Editor in 0.00 ms.
Unloading 1900 Unused Serialized files (Serialized files now loaded: 0)
System memory in use before: 166.3 MB.
System memory in use after: 166.4 MB.

Unloading 20 unused Assets to reduce memory usage. Loaded Objects now: 2363.
Total: 2.626658 ms (FindLiveObjects: 0.221090 ms CreateObjectMapping: 0.081175 ms MarkObjects: 2.296399 ms  DeleteObjects: 0.025452 ms)

AssetImportParameters requested are different than current active one (requested -> active):
  custom:graphics/normal-map-encoding: 01000000000000000000000000000000 -> 02000000000000000000000000000000
========================================================================
Received Prepare
Registering precompiled user dll's ...
Registered in 0.002025 seconds.
Begin MonoManager ReloadAssembly
Native extension for WindowsStandalone target not found
Native extension for OSXStandalone target not found
Native extension for WebGL target not found
Refreshing native plugins compatible for Editor in 0.73 ms, found 2 plugins.
Preloading 0 native plugins for Editor in 0.00 ms.
Invoked RoslynAnalysisRunner static constructor.
RoslynAnalysisRunner will not be running.
RoslynAnalysisRunner has terminated.
Mono: successfully reloaded assembly
- Completed reload, in  2.054 seconds
Platform modules already initialized, skipping
Switching build target platform(2) subTarget(0) extendedPlatform(0) -> platform(13) subTarget(537395200) extendedPlatform(0)
Refreshing native plugins compatible for Editor in 0.52 ms, found 2 plugins.
Preloading 0 native plugins for Editor in 0.00 ms.
Unloading 1900 Unused Serialized files (Serialized files now loaded: 0)
System memory in use before: 166.5 MB.
System memory in use after: 166.6 MB.

Unloading 20 unused Assets to reduce memory usage. Loaded Objects now: 2367.
Total: 2.900057 ms (FindLiveObjects: 0.272000 ms CreateObjectMapping: 0.068450 ms MarkObjects: 2.529563 ms  DeleteObjects: 0.028294 ms)

AssetImportParameters requested are different than current active one (requested -> active):
  custom:graphics/normal-map-encoding: 01000000000000000000000000000000 -> 02000000000000000000000000000000
========================================================================
Received Import Request.
  Time since last request: 397.546793 seconds.
  path: Assets/Fonts/SuperMario256.ttf
  artifactKey: Guid(a2476007172384c5f94355d959b307af) Importer(815301076,1909f56bfc062723c751e8b465ee728b)
Start importing Assets/Fonts/SuperMario256.ttf using Guid(a2476007172384c5f94355d959b307af) Importer(815301076,1909f56bfc062723c751e8b465ee728b)  -> (artifact id: '6f42a50b9629866d63e1968f5335bad1') in 2.984257 seconds
  Import took 2.991043 seconds .

========================================================================
Received Prepare
Registering precompiled user dll's ...
Registered in 0.001157 seconds.
Begin MonoManager ReloadAssembly
Native extension for WindowsStandalone target not found
Native extension for OSXStandalone target not found
Native extension for WebGL target not found
Refreshing native plugins compatible for Editor in 0.55 ms, found 2 plugins.
Preloading 0 native plugins for Editor in 0.00 ms.
Invoked RoslynAnalysisRunner static constructor.
RoslynAnalysisRunner will not be running.
RoslynAnalysisRunner has terminated.
Mono: successfully reloaded assembly
- Completed reload, in  1.390 seconds
Platform modules already initialized, skipping
Switching build target platform(2) subTarget(0) extendedPlatform(0) -> platform(13) subTarget(537395200) extendedPlatform(0)
Refreshing native plugins compatible for Editor in 0.84 ms, found 2 plugins.
Preloading 0 native plugins for Editor in 0.00 ms.
Unloading 1900 Unused Serialized files (Serialized files now loaded: 0)
System memory in use before: 171.5 MB.
System memory in use after: 171.6 MB.

Unloading 20 unused Assets to reduce memory usage. Loaded Objects now: 2413.
Total: 3.136878 ms (FindLiveObjects: 0.343587 ms CreateObjectMapping: 0.093675 ms MarkObjects: 2.661843 ms  DeleteObjects: 0.036021 ms)

AssetImportParameters requested are different than current active one (requested -> active):
  custom:graphics/normal-map-encoding: 01000000000000000000000000000000 -> 02000000000000000000000000000000
========================================================================
Received Prepare
Registering precompiled user dll's ...
Registered in 0.002559 seconds.
Begin MonoManager ReloadAssembly
Native extension for WindowsStandalone target not found
Native extension for OSXStandalone target not found
Native extension for WebGL target not found
Refreshing native plugins compatible for Editor in 0.59 ms, found 2 plugins.
Preloading 0 native plugins for Editor in 0.00 ms.
Invoked RoslynAnalysisRunner static constructor.
RoslynAnalysisRunner will not be running.
RoslynAnalysisRunner has terminated.
Mono: successfully reloaded assembly
- Completed reload, in  1.330 seconds
Platform modules already initialized, skipping
Switching build target platform(2) subTarget(0) extendedPlatform(0) -> platform(13) subTarget(537395200) extendedPlatform(0)
Refreshing native plugins compatible for Editor in 0.50 ms, found 2 plugins.
Preloading 0 native plugins for Editor in 0.00 ms.
Unloading 1900 Unused Serialized files (Serialized files now loaded: 0)
System memory in use before: 171.7 MB.
System memory in use after: 171.8 MB.

Unloading 20 unused Assets to reduce memory usage. Loaded Objects now: 2417.
Total: 2.695308 ms (FindLiveObjects: 0.317316 ms CreateObjectMapping: 0.078066 ms MarkObjects: 2.278467 ms  DeleteObjects: 0.020150 ms)

AssetImportParameters requested are different than current active one (requested -> active):
  custom:graphics/normal-map-encoding: 01000000000000000000000000000000 -> 02000000000000000000000000000000
========================================================================
Received Prepare
Registering precompiled user dll's ...
Registered in 0.001127 seconds.
Begin MonoManager ReloadAssembly
Native extension for WindowsStandalone target not found
Native extension for OSXStandalone target not found
Native extension for WebGL target not found
Refreshing native plugins compatible for Editor in 0.78 ms, found 2 plugins.
Preloading 0 native plugins for Editor in 0.00 ms.
Invoked RoslynAnalysisRunner static constructor.
RoslynAnalysisRunner will not be running.
RoslynAnalysisRunner has terminated.
Mono: successfully reloaded assembly
- Completed reload, in  1.384 seconds
Platform modules already initialized, skipping
Switching build target platform(2) subTarget(0) extendedPlatform(0) -> platform(13) subTarget(537395200) extendedPlatform(0)
Refreshing native plugins compatible for Editor in 0.56 ms, found 2 plugins.
Preloading 0 native plugins for Editor in 0.00 ms.
Unloading 1900 Unused Serialized files (Serialized files now loaded: 0)
System memory in use before: 171.9 MB.
System memory in use after: 172.0 MB.

Unloading 20 unused Assets to reduce memory usage. Loaded Objects now: 2421.
Total: 2.177557 ms (FindLiveObjects: 0.233943 ms CreateObjectMapping: 0.076801 ms MarkObjects: 1.845372 ms  DeleteObjects: 0.020135 ms)

AssetImportParameters requested are different than current active one (requested -> active):
  custom:graphics/normal-map-encoding: 01000000000000000000000000000000 -> 02000000000000000000000000000000
========================================================================
Received Prepare
Registering precompiled user dll's ...
Registered in 0.001355 seconds.
Begin MonoManager ReloadAssembly
Native extension for WindowsStandalone target not found
Native extension for OSXStandalone target not found
Native extension for WebGL target not found
Refreshing native plugins compatible for Editor in 0.51 ms, found 2 plugins.
Preloading 0 native plugins for Editor in 0.00 ms.
Invoked RoslynAnalysisRunner static constructor.
RoslynAnalysisRunner will not be running.
RoslynAnalysisRunner has terminated.
Mono: successfully reloaded assembly
- Completed reload, in  1.765 seconds
Platform modules already initialized, skipping
Switching build target platform(2) subTarget(0) extendedPlatform(0) -> platform(13) subTarget(537395200) extendedPlatform(0)
Refreshing native plugins compatible for Editor in 0.61 ms, found 2 plugins.
Preloading 0 native plugins for Editor in 0.00 ms.
Unloading 1901 Unused Serialized files (Serialized files now loaded: 0)
System memory in use before: 172.1 MB.
System memory in use after: 172.2 MB.

Unloading 20 unused Assets to reduce memory usage. Loaded Objects now: 2426.
Total: 2.320062 ms (FindLiveObjects: 0.265970 ms CreateObjectMapping: 0.080356 ms MarkObjects: 1.950542 ms  DeleteObjects: 0.022016 ms)

AssetImportParameters requested are different than current active one (requested -> active):
  custom:graphics/normal-map-encoding: 01000000000000000000000000000000 -> 02000000000000000000000000000000
========================================================================
Received Prepare
Registering precompiled user dll's ...
Registered in 0.000630 seconds.
Begin MonoManager ReloadAssembly
Native extension for WindowsStandalone target not found
Native extension for OSXStandalone target not found
Native extension for WebGL target not found
Refreshing native plugins compatible for Editor in 0.65 ms, found 2 plugins.
Preloading 0 native plugins for Editor in 0.00 ms.
Invoked RoslynAnalysisRunner static constructor.
RoslynAnalysisRunner will not be running.
RoslynAnalysisRunner has terminated.
Mono: successfully reloaded assembly
- Completed reload, in  1.350 seconds
Platform modules already initialized, skipping
Switching build target platform(2) subTarget(0) extendedPlatform(0) -> platform(13) subTarget(537395200) extendedPlatform(0)
Refreshing native plugins compatible for Editor in 0.53 ms, found 2 plugins.
Preloading 0 native plugins for Editor in 0.00 ms.
Unloading 1901 Unused Serialized files (Serialized files now loaded: 0)
System memory in use before: 172.3 MB.
System memory in use after: 172.4 MB.

Unloading 20 unused Assets to reduce memory usage. Loaded Objects now: 2430.
Total: 2.284979 ms (FindLiveObjects: 0.301302 ms CreateObjectMapping: 0.069428 ms MarkObjects: 1.869267 ms  DeleteObjects: 0.043560 ms)

AssetImportParameters requested are different than current active one (requested -> active):
  custom:graphics/normal-map-encoding: 01000000000000000000000000000000 -> 02000000000000000000000000000000
========================================================================
Received Prepare
Registering precompiled user dll's ...
Registered in 0.002263 seconds.
Begin MonoManager ReloadAssembly
Native extension for WindowsStandalone target not found
Native extension for OSXStandalone target not found
Native extension for WebGL target not found
Refreshing native plugins compatible for Editor in 0.90 ms, found 2 plugins.
Preloading 0 native plugins for Editor in 0.00 ms.
Invoked RoslynAnalysisRunner static constructor.
RoslynAnalysisRunner will not be running.
RoslynAnalysisRunner has terminated.
Mono: successfully reloaded assembly
- Completed reload, in  1.927 seconds
Platform modules already initialized, skipping
Switching build target platform(2) subTarget(0) extendedPlatform(0) -> platform(13) subTarget(537395200) extendedPlatform(0)
Refreshing native plugins compatible for Editor in 0.73 ms, found 2 plugins.
Preloading 0 native plugins for Editor in 0.00 ms.
Unloading 1901 Unused Serialized files (Serialized files now loaded: 0)
System memory in use before: 172.5 MB.
System memory in use after: 172.7 MB.

Unloading 20 unused Assets to reduce memory usage. Loaded Objects now: 2434.
Total: 3.485230 ms (FindLiveObjects: 0.340238 ms CreateObjectMapping: 0.079065 ms MarkObjects: 3.040882 ms  DeleteObjects: 0.023164 ms)

AssetImportParameters requested are different than current active one (requested -> active):
  custom:graphics/normal-map-encoding: 01000000000000000000000000000000 -> 02000000000000000000000000000000
========================================================================
Received Prepare
Registering precompiled user dll's ...
Registered in 0.005639 seconds.
Begin MonoManager ReloadAssembly
Native extension for WindowsStandalone target not found
Native extension for OSXStandalone target not found
Native extension for WebGL target not found
Refreshing native plugins compatible for Editor in 0.56 ms, found 2 plugins.
Preloading 0 native plugins for Editor in 0.00 ms.
Invoked RoslynAnalysisRunner static constructor.
RoslynAnalysisRunner will not be running.
RoslynAnalysisRunner has terminated.
Mono: successfully reloaded assembly
- Completed reload, in  1.774 seconds
Platform modules already initialized, skipping
Switching build target platform(2) subTarget(0) extendedPlatform(0) -> platform(13) subTarget(537395200) extendedPlatform(0)
Refreshing native plugins compatible for Editor in 0.49 ms, found 2 plugins.
Preloading 0 native plugins for Editor in 0.00 ms.
Unloading 1901 Unused Serialized files (Serialized files now loaded: 0)
System memory in use before: 172.7 MB.
System memory in use after: 172.8 MB.

Unloading 20 unused Assets to reduce memory usage. Loaded Objects now: 2438.
Total: 6.852087 ms (FindLiveObjects: 0.978506 ms CreateObjectMapping: 0.078315 ms MarkObjects: 5.756502 ms  DeleteObjects: 0.037199 ms)

AssetImportParameters requested are different than current active one (requested -> active):
  custom:graphics/normal-map-encoding: 01000000000000000000000000000000 -> 02000000000000000000000000000000
========================================================================
Received Prepare
Registering precompiled user dll's ...
Registered in 0.004628 seconds.
Begin MonoManager ReloadAssembly
Native extension for WindowsStandalone target not found
Native extension for OSXStandalone target not found
Native extension for WebGL target not found
Refreshing native plugins compatible for Editor in 0.58 ms, found 2 plugins.
Preloading 0 native plugins for Editor in 0.00 ms.
Invoked RoslynAnalysisRunner static constructor.
RoslynAnalysisRunner will not be running.
RoslynAnalysisRunner has terminated.
Mono: successfully reloaded assembly
- Completed reload, in 31.660 seconds
Platform modules already initialized, skipping
Switching build target platform(2) subTarget(0) extendedPlatform(0) -> platform(13) subTarget(537395200) extendedPlatform(0)
Refreshing native plugins compatible for Editor in 0.54 ms, found 2 plugins.
Preloading 0 native plugins for Editor in 0.00 ms.
Unloading 1901 Unused Serialized files (Serialized files now loaded: 0)
System memory in use before: 173.0 MB.
System memory in use after: 173.1 MB.

Unloading 20 unused Assets to reduce memory usage. Loaded Objects now: 2442.
Total: 18.801753 ms (FindLiveObjects: 3.749832 ms CreateObjectMapping: 0.160394 ms MarkObjects: 14.851954 ms  DeleteObjects: 0.038095 ms)

AssetImportParameters requested are different than current active one (requested -> active):
  custom:graphics/normal-map-encoding: 01000000000000000000000000000000 -> 02000000000000000000000000000000
